#
# There is insufficient memory for the Java Runtime Environment to continue.
# Native memory allocation (malloc) failed to allocate 889856 bytes for Chunk::new
# Possible reasons:
#   The system is out of physical RAM or swap space
#   In 32 bit mode, the process size limit was hit
# Possible solutions:
#   Reduce memory load on the system
#   Increase physical memory or swap space
#   Check if swap backing store is full
#   Use 64 bit Java on a 64 bit OS
#   Decrease Java heap size (-Xmx/-Xms)
#   Decrease number of Java threads
#   Decrease Java thread stack sizes (-Xss)
#   Set larger code cache with -XX:ReservedCodeCacheSize=
# This output file may be truncated or incomplete.
#
#  Out of Memory Error (allocation.cpp:390), pid=9728, tid=0x0000000000002bc8
#
# JRE version: Java(TM) SE Runtime Environment (8.0_171-b11) (build 1.8.0_171-b11)
# Java VM: Java HotSpot(TM) 64-Bit Server VM (25.171-b11 mixed mode windows-amd64 compressed oops)
# Failed to write core dump. Minidumps are not enabled by default on client versions of Windows
#

---------------  T H R E A D  ---------------

Current thread (0x000000001656a000):  JavaThread "C2 CompilerThread0" daemon [_thread_in_native, id=11208, stack(0x0000000018b50000,0x0000000018c50000)]

Stack: [0x0000000018b50000,0x0000000018c50000]
[error occurred during error reporting (printing stack bounds), id 0xc0000005]

Native frames: (J=compiled Java code, j=interpreted, Vv=VM code, C=native code)


Current CompileTask:
C2:9376756 38857 %     4       com.android.tools.r8.dex.DexFileReader::parseDebugInfo @ 82 (613 bytes)


---------------  P R O C E S S  ---------------

Java Threads: ( => current thread )
  0x000000002b723000 JavaThread "ForkJoinPool-1-worker-0" daemon [_thread_blocked, id=668, stack(0x0000000033db0000,0x0000000033eb0000)]
  0x000000002b727800 JavaThread "ForkJoinPool-1-worker-3" daemon [_thread_blocked, id=6648, stack(0x0000000033cb0000,0x0000000033db0000)]
  0x000000002b72a000 JavaThread "ForkJoinPool-1-worker-2" daemon [_thread_blocked, id=1788, stack(0x0000000033bb0000,0x0000000033cb0000)]
  0x000000002b724800 JavaThread "ForkJoinPool-1-worker-1" daemon [_thread_blocked, id=9168, stack(0x0000000033ab0000,0x0000000033bb0000)]
  0x0000000020ccf800 JavaThread "ForkJoinPool.commonPool-worker-0" daemon [_thread_blocked, id=9384, stack(0x0000000031fd0000,0x00000000320d0000)]
  0x0000000020ccd000 JavaThread "ForkJoinPool.commonPool-worker-7" daemon [_thread_blocked, id=6140, stack(0x0000000031ed0000,0x0000000031fd0000)]
  0x0000000020cc3000 JavaThread "ForkJoinPool.commonPool-worker-6" daemon [_thread_in_vm, id=5756, stack(0x0000000031dd0000,0x0000000031ed0000)]
  0x0000000020cca000 JavaThread "ForkJoinPool.commonPool-worker-5" daemon [_thread_blocked, id=9848, stack(0x0000000031cd0000,0x0000000031dd0000)]
  0x0000000020cc2800 JavaThread "ForkJoinPool.commonPool-worker-4" daemon [_thread_blocked, id=3668, stack(0x0000000031bd0000,0x0000000031cd0000)]
  0x0000000020cc1800 JavaThread "RMI TCP Connection(2)-127.0.0.1" daemon [_thread_in_native, id=632, stack(0x0000000031ad0000,0x0000000031bd0000)]
  0x0000000020cc7000 JavaThread "ForkJoinPool.commonPool-worker-3" daemon [_thread_blocked, id=5876, stack(0x00000000318d0000,0x00000000319d0000)]
  0x000000001f298000 JavaThread "ForkJoinPool.commonPool-worker-2" daemon [_thread_blocked, id=3960, stack(0x00000000317d0000,0x00000000318d0000)]
  0x000000001f297800 JavaThread "Cache worker for Java compile cache (E:\Android_Studio\IbookerEditorAndroidK\.gradle\4.4\javaCompile)" [_thread_blocked, id=8984, stack(0x00000000316d0000,0x00000000317d0000)]
  0x000000001f290000 JavaThread "RMI TCP Connection(1)-127.0.0.1" daemon [_thread_in_native, id=4100, stack(0x00000000315d0000,0x00000000316d0000)]
  0x000000001f296000 JavaThread "RMI Reaper" [_thread_blocked, id=1280, stack(0x00000000314d0000,0x00000000315d0000)]
  0x000000001f295000 JavaThread "RMI TCP Accept-0" daemon [_thread_in_native, id=10160, stack(0x00000000313d0000,0x00000000314d0000)]
  0x000000001f296800 JavaThread "GC Daemon" daemon [_thread_blocked, id=11044, stack(0x00000000312d0000,0x00000000313d0000)]
  0x000000001f28a000 JavaThread "RMI Scheduler(0)" daemon [_thread_blocked, id=5788, stack(0x00000000310d0000,0x00000000311d0000)]
  0x000000001f28f000 JavaThread "Worker Daemon Execution Thread 5" [_thread_blocked, id=5304, stack(0x000000007dc30000,0x000000007dd30000)]
  0x000000001f28c000 JavaThread "Worker Daemon Execution Thread 4" [_thread_blocked, id=8424, stack(0x000000007db30000,0x000000007dc30000)]
  0x0000000024584800 JavaThread "Worker Daemon Execution Thread 3" [_thread_blocked, id=6132, stack(0x000000007da30000,0x000000007db30000)]
  0x0000000024580800 JavaThread "Worker Daemon Execution Thread 2" [_thread_blocked, id=4128, stack(0x000000007d930000,0x000000007da30000)]
  0x0000000024579000 JavaThread "Worker Daemon Execution" [_thread_blocked, id=1108, stack(0x000000007d830000,0x000000007d930000)]
  0x000000002457c000 JavaThread "Task worker for ':' Thread 7" [_thread_blocked, id=4620, stack(0x000000007d730000,0x000000007d830000)]
  0x000000002457a000 JavaThread "Task worker for ':' Thread 6" [_thread_blocked, id=4700, stack(0x000000007d630000,0x000000007d730000)]
  0x000000002457b800 JavaThread "Task worker for ':' Thread 5" [_thread_blocked, id=8852, stack(0x000000007d530000,0x000000007d630000)]
  0x000000002457d800 JavaThread "Task worker for ':' Thread 4" [_thread_blocked, id=4424, stack(0x000000007d430000,0x000000007d530000)]
  0x0000000024578800 JavaThread "Task worker for ':' Thread 3" [_thread_blocked, id=8276, stack(0x000000007d330000,0x000000007d430000)]
  0x000000002457d000 JavaThread "Task worker for ':' Thread 2" [_thread_blocked, id=5284, stack(0x000000007d230000,0x000000007d330000)]
  0x000000001fb3e000 JavaThread "Task worker for ':'" [_thread_blocked, id=5044, stack(0x000000007d130000,0x000000007d230000)]
  0x000000001fb36800 JavaThread "Cache worker for Build Output Cleanup Cache (E:\Android_Studio\IbookerEditorAndroidK\.gradle\buildOutputCleanup)" [_thread_blocked, id=3948, stack(0x000000007d030000,0x000000007d130000)]
  0x000000001fb35000 JavaThread "Cache worker for task history cache (E:\Android_Studio\IbookerEditorAndroidK\.gradle\4.4\taskHistory)" [_thread_blocked, id=10292, stack(0x000000007cf30000,0x000000007d030000)]
  0x000000001fb35800 JavaThread "Cache worker for file content cache (E:\Android_Studio\IbookerEditorAndroidK\.gradle\4.4\fileContent)" [_thread_blocked, id=708, stack(0x000000007ce30000,0x000000007cf30000)]
  0x000000001fb3b000 JavaThread "build operations Thread 8" [_thread_blocked, id=6760, stack(0x000000007cd30000,0x000000007ce30000)]
  0x000000001fb38800 JavaThread "build operations Thread 7" [_thread_blocked, id=1600, stack(0x000000007cc30000,0x000000007cd30000)]
  0x000000001fb38000 JavaThread "build operations Thread 6" [_thread_blocked, id=9648, stack(0x000000007cb30000,0x000000007cc30000)]
  0x000000001fb39800 JavaThread "build operations Thread 5" [_thread_blocked, id=10128, stack(0x000000007ca30000,0x000000007cb30000)]
  0x000000001fb3c000 JavaThread "build operations Thread 4" [_thread_blocked, id=6072, stack(0x000000007c930000,0x000000007ca30000)]
  0x000000001fb32800 JavaThread "build operations Thread 3" [_thread_blocked, id=32, stack(0x000000007c830000,0x000000007c930000)]
  0x000000001d573000 JavaThread "build operations Thread 2" [_thread_blocked, id=8664, stack(0x000000007c730000,0x000000007c830000)]
  0x000000001d577000 JavaThread "build operations" [_thread_blocked, id=5428, stack(0x000000007c630000,0x000000007c730000)]
  0x000000001d56f800 JavaThread "Cache worker for Artifact transforms cache (C:\Users\Administrator\.gradle\caches\transforms-1)" [_thread_blocked, id=4748, stack(0x000000007c530000,0x000000007c630000)]
  0x000000001d572800 JavaThread "Cache worker for file hash cache (E:\Android_Studio\IbookerEditorAndroidK\.gradle\4.4\fileHashes)" [_thread_blocked, id=10960, stack(0x000000007c430000,0x000000007c530000)]
  0x000000001d56e800 JavaThread "Stdin handler" [_thread_blocked, id=5976, stack(0x000000007c330000,0x000000007c430000)]
  0x000000001d575800 JavaThread "Asynchronous log dispatcher for DefaultDaemonConnection: socket connection from /127.0.0.1:53008 to /127.0.0.1:50064" [_thread_blocked, id=11176, stack(0x000000007c230000,0x000000007c330000)]
  0x000000001d56d000 JavaThread "Daemon worker Thread 20" [_thread_blocked, id=9552, stack(0x000000007c130000,0x000000007c230000)]
  0x000000001d569800 JavaThread "Cancel handler" [_thread_blocked, id=10916, stack(0x000000007c030000,0x000000007c130000)]
  0x000000001d56b800 JavaThread "Handler for socket connection from /127.0.0.1:53008 to /127.0.0.1:50064" [_thread_in_native, id=9012, stack(0x000000007bf30000,0x000000007c030000)]
  0x000000001d56b000 JavaThread "Daemon Thread 20" [_thread_blocked, id=208, stack(0x000000007be30000,0x000000007bf30000)]
  0x000000001f289000 JavaThread "pool-42-thread-1" [_thread_blocked, id=4176, stack(0x0000000079a30000,0x0000000079b30000)]
  0x000000002457f000 JavaThread "pool-41-thread-1" [_thread_blocked, id=6920, stack(0x0000000078b30000,0x0000000078c30000)]
  0x000000001d56e000 JavaThread "pool-32-thread-1" [_thread_blocked, id=11184, stack(0x0000000065b30000,0x0000000065c30000)]
  0x000000001d568800 JavaThread "Java2D Disposer" daemon [_thread_blocked, id=5652, stack(0x000000003a4a0000,0x000000003a5a0000)]
  0x0000000020cc4000 JavaThread "pool-4-thread-1" [_thread_blocked, id=6548, stack(0x00000000292d0000,0x00000000293d0000)]
  0x0000000020cc7800 JavaThread "pool-3-thread-1" [_thread_blocked, id=9544, stack(0x00000000283d0000,0x00000000284d0000)]
  0x000000001a6ee800 JavaThread "pool-2-thread-1" [_thread_blocked, id=10620, stack(0x00000000262d0000,0x00000000263d0000)]
  0x000000001f28b800 JavaThread "Memory manager" [_thread_blocked, id=10872, stack(0x0000000022f00000,0x0000000023000000)]
  0x000000001f28a800 JavaThread "pool-1-thread-1" [_thread_blocked, id=11200, stack(0x0000000022c00000,0x0000000022d00000)]
  0x000000001a6ed800 JavaThread "File lock request listener" [_thread_in_native, id=10500, stack(0x000000001ba20000,0x000000001bb20000)]
  0x000000001a6e9000 JavaThread "Cache worker for file hash cache (C:\Users\Administrator\.gradle\caches\4.4\fileHashes)" [_thread_blocked, id=10848, stack(0x000000001b920000,0x000000001ba20000)]
  0x00000000195a6000 JavaThread "Daemon periodic checks" [_thread_blocked, id=11032, stack(0x000000001ad20000,0x000000001ae20000)]
  0x00000000197eb000 JavaThread "Incoming local TCP Connector on port 53008" [_thread_in_native, id=5060, stack(0x000000001ac20000,0x000000001ad20000)]
  0x000000001a208000 JavaThread "Daemon health stats" [_thread_blocked, id=10120, stack(0x000000001ab20000,0x000000001ac20000)]
  0x0000000018573800 JavaThread "Service Thread" daemon [_thread_blocked, id=10308, stack(0x0000000018f50000,0x0000000019050000)]
  0x00000000184ed800 JavaThread "C1 CompilerThread3" daemon [_thread_in_vm, id=10464, stack(0x0000000018e50000,0x0000000018f50000)]
  0x00000000184e6000 JavaThread "C2 CompilerThread2" daemon [_thread_in_native, id=1884, stack(0x0000000018d50000,0x0000000018e50000)]
  0x000000001656d800 JavaThread "C2 CompilerThread1" daemon [_thread_in_native, id=5640, stack(0x0000000018c50000,0x0000000018d50000)]
=>0x000000001656a000 JavaThread "C2 CompilerThread0" daemon [_thread_in_native, id=11208, stack(0x0000000018b50000,0x0000000018c50000)]
  0x0000000016569000 JavaThread "Attach Listener" daemon [_thread_blocked, id=11248, stack(0x0000000018a50000,0x0000000018b50000)]
  0x000000001848d800 JavaThread "Signal Dispatcher" daemon [_thread_blocked, id=10456, stack(0x0000000018950000,0x0000000018a50000)]
  0x00000000026be000 JavaThread "Finalizer" daemon [_thread_blocked, id=4860, stack(0x0000000018850000,0x0000000018950000)]
  0x00000000026b7000 JavaThread "Reference Handler" daemon [_thread_blocked, id=6312, stack(0x0000000018350000,0x0000000018450000)]
  0x000000000279d800 JavaThread "main" [_thread_blocked, id=1716, stack(0x0000000002140000,0x0000000002240000)]

Other Threads:
  0x0000000016559800 VMThread [stack: 0x0000000018250000,0x0000000018350000] [id=10444]
  0x000000001858c800 WatcherThread [stack: 0x0000000019050000,0x0000000019150000] [id=10840]

VM state:not at safepoint (normal execution)

VM Mutex/Monitor currently owned by a thread:  ([mutex/lock_event])
[0x000000000279bf90] CodeCache_lock - owner thread: 0x00000000184ed800
[0x00000000025c1b50] Compile_lock - owner thread: 0x00000000184ed800
[0x00000000025c17d0] MethodCompileQueue_lock - owner thread: 0x00000000184ed800

Heap:
 PSYoungGen      total 428032K, used 364743K [0x00000000e0000000, 0x0000000100000000, 0x0000000100000000)
  eden space 355840K, 86% used [0x00000000e0000000,0x00000000f2c8d450,0x00000000f5b80000)
  from space 72192K, 78% used [0x00000000f5b80000,0x00000000f9324a08,0x00000000fa200000)
  to   space 76288K, 0% used [0x00000000fb580000,0x00000000fb580000,0x0000000100000000)
 ParOldGen       total 270848K, used 124010K [0x00000000a0000000, 0x00000000b0880000, 0x00000000e0000000)
  object space 270848K, 45% used [0x00000000a0000000,0x00000000a791ab18,0x00000000b0880000)
 Metaspace       used 203241K, capacity 220544K, committed 220736K, reserved 1239040K
  class space    used 26697K, capacity 30276K, committed 30336K, reserved 1048576K

Card table byte_map: [0x0000000011b60000,0x0000000011e70000] byte_map_base: 0x0000000011660000

Marking Bits: (ParMarkBitMap*) 0x000000005eb008c0
 Begin Bits: [0x0000000012870000, 0x0000000014070000)
 End Bits:   [0x0000000014070000, 0x0000000015870000)

Polling page: 0x0000000000990000

CodeCache: size=245760Kb used=101029Kb max_used=101029Kb free=144730Kb
 bounds [0x00000000027a0000, 0x0000000008af0000, 0x00000000117a0000]
 total_blobs=29451 nmethods=28451 adapters=907
 compilation: enabled

Compilation events (10 events):
Event: 9375.790 Thread 0x000000001656d800 nmethod 39150 0x0000000005d8c390 code [0x0000000005d8c4c0, 0x0000000005d8c518]
Event: 9375.790 Thread 0x000000001656d800 39155       4       com.android.tools.r8.graph.DexAnnotation::collectMixedSectionItems (7 bytes)
Event: 9375.790 Thread 0x00000000184ed800 nmethod 39205 0x0000000008acca90 code [0x0000000008accbe0, 0x0000000008accd90]
Event: 9375.790 Thread 0x00000000184ed800 39206       3       com.android.tools.r8.dex.VirtualFile::access$1000 (6 bytes)
Event: 9375.791 Thread 0x00000000184ed800 nmethod 39206 0x0000000008ad20d0 code [0x0000000008ad2240, 0x0000000008ad24a8]
Event: 9375.791 Thread 0x00000000184ed800 39209       3       com.android.tools.r8.code.IputObject::collectIndexedItems (6 bytes)
Event: 9375.791 Thread 0x00000000184ed800 nmethod 39209 0x0000000008ad1bd0 code [0x0000000008ad1d40, 0x0000000008ad1fa8]
Event: 9375.791 Thread 0x00000000184ed800 39207       3       com.android.tools.r8.dex.VirtualFile::addClass (9 bytes)
Event: 9375.791 Thread 0x00000000184ed800 nmethod 39207 0x0000000008ad1710 code [0x0000000008ad1880, 0x0000000008ad1a88]
Event: 9375.791 Thread 0x00000000184ed800 39208       3       com.android.tools.r8.graph.DexProgramClass::collectIndexedItems (190 bytes)

GC Heap History (10 events):
Event: 7864.115 GC heap before
{Heap before GC invocations=62 (full 5):
 PSYoungGen      total 375808K, used 349858K [0x00000000e0000000, 0x00000000fa080000, 0x0000000100000000)
  eden space 323584K, 100% used [0x00000000e0000000,0x00000000f3c00000,0x00000000f3c00000)
  from space 52224K, 50% used [0x00000000f6d80000,0x00000000f8728860,0x00000000fa080000)
  to   space 50688K, 0% used [0x00000000f3c00000,0x00000000f3c00000,0x00000000f6d80000)
 ParOldGen       total 270848K, used 102888K [0x00000000a0000000, 0x00000000b0880000, 0x00000000e0000000)
  object space 270848K, 37% used [0x00000000a0000000,0x00000000a647a168,0x00000000b0880000)
 Metaspace       used 153347K, capacity 166026K, committed 168512K, reserved 1193984K
  class space    used 19923K, capacity 22640K, committed 23168K, reserved 1048576K
Event: 7864.138 GC heap after
Heap after GC invocations=62 (full 5):
 PSYoungGen      total 374272K, used 40619K [0x00000000e0000000, 0x00000000fbe00000, 0x0000000100000000)
  eden space 323584K, 0% used [0x00000000e0000000,0x00000000e0000000,0x00000000f3c00000)
  from space 50688K, 80% used [0x00000000f3c00000,0x00000000f63aaf60,0x00000000f6d80000)
  to   space 53760K, 0% used [0x00000000f8980000,0x00000000f8980000,0x00000000fbe00000)
 ParOldGen       total 270848K, used 102888K [0x00000000a0000000, 0x00000000b0880000, 0x00000000e0000000)
  object space 270848K, 37% used [0x00000000a0000000,0x00000000a647a168,0x00000000b0880000)
 Metaspace       used 153347K, capacity 166026K, committed 168512K, reserved 1193984K
  class space    used 19923K, capacity 22640K, committed 23168K, reserved 1048576K
}
Event: 8015.204 GC heap before
{Heap before GC invocations=63 (full 5):
 PSYoungGen      total 374272K, used 364203K [0x00000000e0000000, 0x00000000fbe00000, 0x0000000100000000)
  eden space 323584K, 100% used [0x00000000e0000000,0x00000000f3c00000,0x00000000f3c00000)
  from space 50688K, 80% used [0x00000000f3c00000,0x00000000f63aaf60,0x00000000f6d80000)
  to   space 53760K, 0% used [0x00000000f8980000,0x00000000f8980000,0x00000000fbe00000)
 ParOldGen       total 270848K, used 102888K [0x00000000a0000000, 0x00000000b0880000, 0x00000000e0000000)
  object space 270848K, 37% used [0x00000000a0000000,0x00000000a647a168,0x00000000b0880000)
 Metaspace       used 162156K, capacity 175000K, committed 177088K, reserved 1202176K
  class space    used 21114K, capacity 23898K, committed 24320K, reserved 1048576K
Event: 8015.225 GC heap after
Heap after GC invocations=63 (full 5):
 PSYoungGen      total 395776K, used 36992K [0x00000000e0000000, 0x00000000fbb00000, 0x0000000100000000)
  eden space 345088K, 0% used [0x00000000e0000000,0x00000000e0000000,0x00000000f5100000)
  from space 50688K, 72% used [0x00000000f8980000,0x00000000fada00b0,0x00000000fbb00000)
  to   space 54272K, 0% used [0x00000000f5100000,0x00000000f5100000,0x00000000f8600000)
 ParOldGen       total 270848K, used 102896K [0x00000000a0000000, 0x00000000b0880000, 0x00000000e0000000)
  object space 270848K, 37% used [0x00000000a0000000,0x00000000a647c168,0x00000000b0880000)
 Metaspace       used 162156K, capacity 175000K, committed 177088K, reserved 1202176K
  class space    used 21114K, capacity 23898K, committed 24320K, reserved 1048576K
}
Event: 8023.157 GC heap before
{Heap before GC invocations=64 (full 5):
 PSYoungGen      total 395776K, used 382080K [0x00000000e0000000, 0x00000000fbb00000, 0x0000000100000000)
  eden space 345088K, 100% used [0x00000000e0000000,0x00000000f5100000,0x00000000f5100000)
  from space 50688K, 72% used [0x00000000f8980000,0x00000000fada00b0,0x00000000fbb00000)
  to   space 54272K, 0% used [0x00000000f5100000,0x00000000f5100000,0x00000000f8600000)
 ParOldGen       total 270848K, used 102896K [0x00000000a0000000, 0x00000000b0880000, 0x00000000e0000000)
  object space 270848K, 37% used [0x00000000a0000000,0x00000000a647c168,0x00000000b0880000)
 Metaspace       used 174422K, capacity 188546K, committed 188992K, reserved 1212416K
  class space    used 22769K, capacity 25816K, committed 25984K, reserved 1048576K
Event: 8023.190 GC heap after
Heap after GC invocations=64 (full 5):
 PSYoungGen      total 399360K, used 54054K [0x00000000e0000000, 0x00000000fdd80000, 0x0000000100000000)
  eden space 345088K, 0% used [0x00000000e0000000,0x00000000e0000000,0x00000000f5100000)
  from space 54272K, 99% used [0x00000000f5100000,0x00000000f85c9b58,0x00000000f8600000)
  to   space 60928K, 0% used [0x00000000fa200000,0x00000000fa200000,0x00000000fdd80000)
 ParOldGen       total 270848K, used 102904K [0x00000000a0000000, 0x00000000b0880000, 0x00000000e0000000)
  object space 270848K, 37% used [0x00000000a0000000,0x00000000a647e168,0x00000000b0880000)
 Metaspace       used 174422K, capacity 188546K, committed 188992K, reserved 1212416K
  class space    used 22769K, capacity 25816K, committed 25984K, reserved 1048576K
}
Event: 9352.182 GC heap before
{Heap before GC invocations=65 (full 5):
 PSYoungGen      total 399360K, used 399142K [0x00000000e0000000, 0x00000000fdd80000, 0x0000000100000000)
  eden space 345088K, 100% used [0x00000000e0000000,0x00000000f5100000,0x00000000f5100000)
  from space 54272K, 99% used [0x00000000f5100000,0x00000000f85c9b58,0x00000000f8600000)
  to   space 60928K, 0% used [0x00000000fa200000,0x00000000fa200000,0x00000000fdd80000)
 ParOldGen       total 270848K, used 102904K [0x00000000a0000000, 0x00000000b0880000, 0x00000000e0000000)
  object space 270848K, 37% used [0x00000000a0000000,0x00000000a647e168,0x00000000b0880000)
 Metaspace       used 190052K, capacity 205306K, committed 205504K, reserved 1226752K
  class space    used 24842K, capacity 28095K, committed 28160K, reserved 1048576K
Event: 9352.410 GC heap after
Heap after GC invocations=65 (full 5):
 PSYoungGen      total 416768K, used 60906K [0x00000000e0000000, 0x00000000fef80000, 0x0000000100000000)
  eden space 355840K, 0% used [0x00000000e0000000,0x00000000e0000000,0x00000000f5b80000)
  from space 60928K, 99% used [0x00000000fa200000,0x00000000fdd7ab38,0x00000000fdd80000)
  to   space 72192K, 0% used [0x00000000f5b80000,0x00000000f5b80000,0x00000000fa200000)
 ParOldGen       total 270848K, used 111408K [0x00000000a0000000, 0x00000000b0880000, 0x00000000e0000000)
  object space 270848K, 41% used [0x00000000a0000000,0x00000000a6ccc310,0x00000000b0880000)
 Metaspace       used 190052K, capacity 205306K, committed 205504K, reserved 1226752K
  class space    used 24842K, capacity 28095K, committed 28160K, reserved 1048576K
}
Event: 9372.529 GC heap before
{Heap before GC invocations=66 (full 5):
 PSYoungGen      total 416768K, used 416698K [0x00000000e0000000, 0x00000000fef80000, 0x0000000100000000)
  eden space 355840K, 99% used [0x00000000e0000000,0x00000000f5b73fc0,0x00000000f5b80000)
  from space 60928K, 99% used [0x00000000fa200000,0x00000000fdd7ab38,0x00000000fdd80000)
  to   space 72192K, 0% used [0x00000000f5b80000,0x00000000f5b80000,0x00000000fa200000)
 ParOldGen       total 270848K, used 111408K [0x00000000a0000000, 0x00000000b0880000, 0x00000000e0000000)
  object space 270848K, 41% used [0x00000000a0000000,0x00000000a6ccc310,0x00000000b0880000)
 Metaspace       used 194415K, capacity 210150K, committed 210368K, reserved 1230848K
  class space    used 25462K, capacity 28825K, committed 28928K, reserved 1048576K
Event: 9372.597 GC heap after
Heap after GC invocations=66 (full 5):
 PSYoungGen      total 428032K, used 56978K [0x00000000e0000000, 0x0000000100000000, 0x0000000100000000)
  eden space 355840K, 0% used [0x00000000e0000000,0x00000000e0000000,0x00000000f5b80000)
  from space 72192K, 78% used [0x00000000f5b80000,0x00000000f9324a08,0x00000000fa200000)
  to   space 76288K, 0% used [0x00000000fb580000,0x00000000fb580000,0x0000000100000000)
 ParOldGen       total 270848K, used 124010K [0x00000000a0000000, 0x00000000b0880000, 0x00000000e0000000)
  object space 270848K, 45% used [0x00000000a0000000,0x00000000a791ab18,0x00000000b0880000)
 Metaspace       used 194415K, capacity 210150K, committed 210368K, reserved 1230848K
  class space    used 25462K, capacity 28825K, committed 28928K, reserved 1048576K
}

Deoptimization events (10 events):
Event: 9375.312 Thread 0x0000000020cc3000 Uncommon trap: reason=unstable_if action=reinterpret pc=0x0000000004c037f4 method=java.util.concurrent.ForkJoinPool.externalPush(Ljava/util/concurrent/ForkJoinTask;)V @ 17
Event: 9375.332 Thread 0x000000002b723000 Uncommon trap: reason=unstable_if action=reinterpret pc=0x0000000008a5a2dc method=com.android.tools.r8.dex.DexFileReader.cacheAt(ILjava/util/function/Supplier;)Ljava/lang/Object; @ 1
Event: 9375.360 Thread 0x000000002b72a000 Uncommon trap: reason=unstable_if action=reinterpret pc=0x0000000002b9c4bc method=com.android.tools.r8.graph.DexString.slowCompareTo(Lcom/android/tools/r8/graph/DexString;)I @ 136
Event: 9375.496 Thread 0x000000002b723000 Uncommon trap: reason=unloaded action=reinterpret pc=0x0000000008a6a8b0 method=com.android.tools.r8.dex.DexFileReader.parseEncodedValue()Lcom/android/tools/r8/graph/DexValue; @ 493
Event: 9375.516 Thread 0x000000002b723000 Uncommon trap: reason=unstable_if action=reinterpret pc=0x0000000006623800 method=com.android.tools.r8.utils.IdentifierUtils.isSimpleNameChar(C)Z @ 51
Event: 9375.670 Thread 0x0000000020cc3000 Uncommon trap: reason=bimorphic action=maybe_recompile pc=0x00000000089b4980 method=com.android.tools.r8.graph.DexItemFactory.lambda$assignSortedIndices$1(Lcom/android/tools/r8/naming/NamingLens;Lcom/android/tools/r8/graph/PresortedComparable;Lcom/android
Event: 9375.670 Thread 0x0000000020cc3000 Uncommon trap: reason=bimorphic action=maybe_recompile pc=0x00000000089b4980 method=com.android.tools.r8.graph.DexItemFactory.lambda$assignSortedIndices$1(Lcom/android/tools/r8/naming/NamingLens;Lcom/android/tools/r8/graph/PresortedComparable;Lcom/android
Event: 9375.670 Thread 0x0000000020cc3000 Uncommon trap: reason=bimorphic action=maybe_recompile pc=0x00000000089b4980 method=com.android.tools.r8.graph.DexItemFactory.lambda$assignSortedIndices$1(Lcom/android/tools/r8/naming/NamingLens;Lcom/android/tools/r8/graph/PresortedComparable;Lcom/android
Event: 9375.670 Thread 0x0000000020cc3000 Uncommon trap: reason=bimorphic action=maybe_recompile pc=0x00000000089b4980 method=com.android.tools.r8.graph.DexItemFactory.lambda$assignSortedIndices$1(Lcom/android/tools/r8/naming/NamingLens;Lcom/android/tools/r8/graph/PresortedComparable;Lcom/android
Event: 9375.702 Thread 0x0000000020cc3000 Uncommon trap: reason=unstable_if action=reinterpret pc=0x0000000008aa0c04 method=com.android.tools.r8.graph.DexMethod.layeredCompareTo(Lcom/android/tools/r8/graph/DexMethod;Lcom/android/tools/r8/naming/NamingLens;)I @ 33

Classes redefined (0 events):
No events

Internal exceptions (10 events):
Event: 9373.327 Thread 0x000000002b724800 Exception <a 'sun/nio/fs/WindowsException'> (0x00000000e7654248) thrown at [C:\re\workspace\8-2-build-windows-amd64-cygwin\jdk8u171\10807\hotspot\src\share\vm\prims\jni.cpp, line 709]
Event: 9373.329 Thread 0x000000002b724800 Exception <a 'sun/nio/fs/WindowsException'> (0x00000000e765b020) thrown at [C:\re\workspace\8-2-build-windows-amd64-cygwin\jdk8u171\10807\hotspot\src\share\vm\prims\jni.cpp, line 709]
Event: 9373.331 Thread 0x000000002b724800 Exception <a 'sun/nio/fs/WindowsException'> (0x00000000e806c1e0) thrown at [C:\re\workspace\8-2-build-windows-amd64-cygwin\jdk8u171\10807\hotspot\src\share\vm\prims\jni.cpp, line 709]
Event: 9373.361 Thread 0x000000002b724800 Exception <a 'sun/nio/fs/WindowsException'> (0x00000000e8071870) thrown at [C:\re\workspace\8-2-build-windows-amd64-cygwin\jdk8u171\10807\hotspot\src\share\vm\prims\jni.cpp, line 709]
Event: 9373.365 Thread 0x000000002b724800 Exception <a 'sun/nio/fs/WindowsException'> (0x00000000e8078178) thrown at [C:\re\workspace\8-2-build-windows-amd64-cygwin\jdk8u171\10807\hotspot\src\share\vm\prims\jni.cpp, line 709]
Event: 9373.405 Thread 0x000000002b72a000 Exception <a 'sun/nio/fs/WindowsException'> (0x00000000e7be61b8) thrown at [C:\re\workspace\8-2-build-windows-amd64-cygwin\jdk8u171\10807\hotspot\src\share\vm\prims\jni.cpp, line 709]
Event: 9373.407 Thread 0x000000002b72a000 Exception <a 'sun/nio/fs/WindowsException'> (0x00000000e7bebc10) thrown at [C:\re\workspace\8-2-build-windows-amd64-cygwin\jdk8u171\10807\hotspot\src\share\vm\prims\jni.cpp, line 709]
Event: 9373.413 Thread 0x000000002b724800 Exception <a 'sun/nio/fs/WindowsException'> (0x00000000e8085600) thrown at [C:\re\workspace\8-2-build-windows-amd64-cygwin\jdk8u171\10807\hotspot\src\share\vm\prims\jni.cpp, line 709]
Event: 9375.227 Thread 0x0000000020cc3000 Exception <a 'sun/nio/fs/WindowsException'> (0x00000000ee8ad280) thrown at [C:\re\workspace\8-2-build-windows-amd64-cygwin\jdk8u171\10807\hotspot\src\share\vm\prims\jni.cpp, line 709]
Event: 9375.312 Thread 0x0000000020cc3000 Implicit null exception at 0x0000000004c034ca to 0x0000000004c037d5

Events (10 events):
Event: 9375.670 Thread 0x0000000020cc3000 DEOPT UNPACKING pc=0x00000000027e583b sp=0x0000000031eceb98 mode 2
Event: 9375.670 Thread 0x0000000020cc3000 Uncommon trap: trap_request=0xffffffc6 fr.pc=0x00000000089b4980
Event: 9375.670 Thread 0x0000000020cc3000 DEOPT PACKING pc=0x00000000089b4980 sp=0x0000000031ececc0
Event: 9375.670 Thread 0x0000000020cc3000 DEOPT UNPACKING pc=0x00000000027e583b sp=0x0000000031ecebe8 mode 2
Event: 9375.670 Thread 0x0000000020cc3000 Uncommon trap: trap_request=0xffffffc6 fr.pc=0x00000000089b4980
Event: 9375.670 Thread 0x0000000020cc3000 DEOPT PACKING pc=0x00000000089b4980 sp=0x0000000031ececc0
Event: 9375.670 Thread 0x0000000020cc3000 DEOPT UNPACKING pc=0x00000000027e583b sp=0x0000000031ecebe8 mode 2
Event: 9375.702 Thread 0x0000000020cc3000 Uncommon trap: trap_request=0xffffff65 fr.pc=0x0000000008aa0c04
Event: 9375.702 Thread 0x0000000020cc3000 DEOPT PACKING pc=0x0000000008aa0c04 sp=0x0000000031eceb50
Event: 9375.702 Thread 0x0000000020cc3000 DEOPT UNPACKING pc=0x00000000027e583b sp=0x0000000031ecea70 mode 2


Dynamic libraries:
0x00007ff7bb390000 - 0x00007ff7bb3c7000 	E:\JAVA\jdk1.8.0_171\bin\java.exe
0x00007ffcb1090000 - 0x00007ffcb1251000 	C:\Windows\SYSTEM32\ntdll.dll
0x00007ffcb0700000 - 0x00007ffcb07ad000 	C:\Windows\system32\KERNEL32.DLL
0x00007ffcad7a0000 - 0x00007ffcad988000 	C:\Windows\system32\KERNELBASE.dll
0x00007ffcaba40000 - 0x00007ffcabab9000 	C:\Windows\system32\apphelp.dll
0x00007ffcb0a40000 - 0x00007ffcb0ae7000 	C:\Windows\system32\ADVAPI32.dll
0x00007ffcb04a0000 - 0x00007ffcb053d000 	C:\Windows\system32\msvcrt.dll
0x00007ffcaec20000 - 0x00007ffcaec7b000 	C:\Windows\system32\sechost.dll
0x00007ffcb02c0000 - 0x00007ffcb03dc000 	C:\Windows\system32\RPCRT4.dll
0x00007ffcb0d70000 - 0x00007ffcb0ec6000 	C:\Windows\system32\USER32.dll
0x00007ffcae660000 - 0x00007ffcae7e6000 	C:\Windows\system32\GDI32.dll
0x00007ffca1900000 - 0x00007ffca1b74000 	C:\Windows\WinSxS\amd64_microsoft.windows.common-controls_6595b64144ccf1df_6.0.10586.0_none_8c15ae12515e1c22\COMCTL32.dll
0x00007ffcb0af0000 - 0x00007ffcb0d6d000 	C:\Windows\system32\combase.dll
0x00007ffcae360000 - 0x00007ffcae3ca000 	C:\Windows\system32\bcryptPrimitives.dll
0x00007ffcb0880000 - 0x00007ffcb08bb000 	C:\Windows\system32\IMM32.DLL
0x000000005eb80000 - 0x000000005ec52000 	E:\JAVA\jdk1.8.0_171\jre\bin\msvcr100.dll
0x000000005e2e0000 - 0x000000005eb80000 	E:\JAVA\jdk1.8.0_171\jre\bin\server\jvm.dll
0x00007ffcae5e0000 - 0x00007ffcae5e8000 	C:\Windows\system32\PSAPI.DLL
0x00007ffca8eb0000 - 0x00007ffca8eb9000 	C:\Windows\SYSTEM32\WSOCK32.dll
0x00007ffcab4f0000 - 0x00007ffcab513000 	C:\Windows\SYSTEM32\WINMM.dll
0x00007ffcaad90000 - 0x00007ffcaad9a000 	C:\Windows\SYSTEM32\VERSION.dll
0x00007ffcae5f0000 - 0x00007ffcae65b000 	C:\Windows\system32\WS2_32.dll
0x0000000002110000 - 0x000000000213c000 	C:\Windows\SYSTEM32\WINMMBASE.dll
0x00007ffcadb60000 - 0x00007ffcadba3000 	C:\Windows\system32\cfgmgr32.dll
0x000000005e2d0000 - 0x000000005e2df000 	E:\JAVA\jdk1.8.0_171\jre\bin\verify.dll
0x000000005e2a0000 - 0x000000005e2c9000 	E:\JAVA\jdk1.8.0_171\jre\bin\java.dll
0x000000005e280000 - 0x000000005e296000 	E:\JAVA\jdk1.8.0_171\jre\bin\zip.dll
0x00007ffcaed50000 - 0x00007ffcb02ac000 	C:\Windows\system32\SHELL32.dll
0x00007ffcadd10000 - 0x00007ffcae355000 	C:\Windows\system32\windows.storage.dll
0x00007ffcb03e0000 - 0x00007ffcb0432000 	C:\Windows\system32\shlwapi.dll
0x00007ffcad730000 - 0x00007ffcad73f000 	C:\Windows\system32\kernel.appcore.dll
0x00007ffcae3d0000 - 0x00007ffcae485000 	C:\Windows\system32\shcore.dll
0x00007ffcad6e0000 - 0x00007ffcad72b000 	C:\Windows\system32\powrprof.dll
0x00007ffcad6c0000 - 0x00007ffcad6d4000 	C:\Windows\system32\profapi.dll
0x000000005e260000 - 0x000000005e27a000 	E:\JAVA\jdk1.8.0_171\jre\bin\net.dll
0x00007ffcacfb0000 - 0x00007ffcad00c000 	C:\Windows\system32\mswsock.dll
0x000000005e240000 - 0x000000005e251000 	E:\JAVA\jdk1.8.0_171\jre\bin\nio.dll
0x00007ffca0c00000 - 0x00007ffca0c1e000 	C:\Users\Administrator\.gradle\native\25\windows-amd64\native-platform.dll
0x000000005e230000 - 0x000000005e23d000 	E:\JAVA\jdk1.8.0_171\jre\bin\management.dll
0x00007ffcad060000 - 0x00007ffcad077000 	C:\Windows\SYSTEM32\CRYPTSP.dll
0x00007ffcaccf0000 - 0x00007ffcacd24000 	C:\Windows\system32\rsaenh.dll
0x00007ffcad280000 - 0x00007ffcad2a9000 	C:\Windows\SYSTEM32\bcrypt.dll
0x00007ffcace40000 - 0x00007ffcace5f000 	C:\Windows\SYSTEM32\USERENV.dll
0x00007ffcad180000 - 0x00007ffcad18b000 	C:\Windows\SYSTEM32\CRYPTBASE.dll
0x00007ffcaada0000 - 0x00007ffcaadd8000 	C:\Windows\SYSTEM32\IPHLPAPI.DLL
0x00007ffcb02b0000 - 0x00007ffcb02b8000 	C:\Windows\system32\NSI.dll
0x00007ffca66f0000 - 0x00007ffca6706000 	C:\Windows\SYSTEM32\dhcpcsvc6.DLL
0x00007ffca6490000 - 0x00007ffca64aa000 	C:\Windows\SYSTEM32\dhcpcsvc.DLL
0x000000005f790000 - 0x000000005f928000 	E:\JAVA\jdk1.8.0_171\jre\bin\awt.dll
0x00007ffcaec80000 - 0x00007ffcaed41000 	C:\Windows\system32\OLEAUT32.dll
0x00007ffcaa7e0000 - 0x00007ffcaa802000 	C:\Windows\system32\DWMAPI.DLL
0x00007ffcabf50000 - 0x00007ffcabfe6000 	C:\Windows\system32\uxtheme.dll
0x000000005e200000 - 0x000000005e22a000 	E:\JAVA\jdk1.8.0_171\jre\bin\dcpr.dll
0x00007ffcacbd0000 - 0x00007ffcacc01000 	C:\Windows\SYSTEM32\ntmarta.dll
0x00007ffc8ead0000 - 0x00007ffc8eb6c000 	C:\Windows\SYSTEM32\efswrt.dll
0x00007ffca9280000 - 0x00007ffca93b6000 	C:\Windows\SYSTEM32\wintypes.dll
0x00007ffc948e0000 - 0x00007ffc94930000 	C:\Windows\SYSTEM32\edputil.dll
0x00007ffc9bd60000 - 0x00007ffc9bd7e000 	C:\Users\Administrator\AppData\Local\Temp\native-platform8968397074141903287dir\native-platform.dll

VM Arguments:
jvm_args: -Xmx1536m -Dfile.encoding=GBK -Duser.country=CN -Duser.language=zh -Duser.variant 
java_command: org.gradle.launcher.daemon.bootstrap.GradleDaemon 4.4
java_class_path (initial): C:\Users\Administrator\.gradle\wrapper\dists\gradle-4.4-all\9br9xq1tocpiv8o6njlyu5op1\gradle-4.4\lib\gradle-launcher-4.4.jar
Launcher Type: SUN_STANDARD

Environment Variables:
JAVA_HOME=E:\JAVA\jdk1.8.0_171
CLASSPATH=.;E:\JAVA\jdk1.8.0_171\lib\dt.jar;E:\JAVA\jdk1.8.0_171\lib\tools.jar;
PATH=C:\Program Files (x86)\Common Files\Oracle\Java\javapath;C:\Windows\system32;C:\Windows;C:\Windows\System32\Wbem;C:\Windows\System32\WindowsPowerShell\v1.0\;E:\JAVA\jdk1.8.0_171\bin;C:\Program Files\MySQL\MySQL Server 5.5\bin;E:\Maven\apache-maven-3.3.9\bin;E:\SVN\TortoiseSVN\bin;E:\UltraEdit;C:\Program Files\IDM Computer Solutions\UltraCompare;E:\Git\Git\cmd
USERNAME=Administrator
OS=Windows_NT
PROCESSOR_IDENTIFIER=Intel64 Family 6 Model 94 Stepping 3, GenuineIntel



---------------  S Y S T E M  ---------------

OS: Windows 10.0 , 64 bit Build 10586 (10.0.10586.0)

CPU:total 8 (initial active 8) (4 cores per cpu, 2 threads per core) family 6 model 94 stepping 3, cmov, cx8, fxsr, mmx, sse, sse2, sse3, ssse3, sse4.1, sse4.2, popcnt, avx, avx2, aes, clmul, erms, rtm, 3dnowpref, lzcnt, ht, tsc, tscinvbit, bmi1, bmi2, adx

Memory: 4k page, physical 8275840k(842060k free), swap 10372992k(5516k free)

vm_info: Java HotSpot(TM) 64-Bit Server VM (25.171-b11) for windows-amd64 JRE (1.8.0_171-b11), built on Mar 28 2018 16:06:12 by "java_re" with MS VC++ 10.0 (VS2010)

time: Fri Aug 31 11:44:04 2018
elapsed time: 9375 seconds (0d 2h 36m 15s)

